<?xml version="1.0" encoding="UTF-8"?>
<!-- Generated by org.testng.reporters.JUnitXMLReporter -->
<testsuite ignored="0" hostname="Nexsoft" failures="0" tests="5" name="Default test" time="15.444" errors="0" timestamp="2022-06-15T22:23:33 WIB">
  <testcase classname="com.nexsoft.cicool.TestLoginFunctionality" name="testLogin_with_Valid_User_and_Password" time="2.646"/>
  <testcase classname="com.nexsoft.cicool.TestLoginFunctionality" name="testLogin_With_ValidUser_and_WrongPassword" time="2.478"/>
  <testcase classname="com.nexsoft.cicool.TestLoginFunctionality" name="testLogin_With_WrongValid_User_and_ValidPassword" time="1.829"/>
  <testcase classname="com.nexsoft.cicool.TestLoginFunctionality" name="testLogin_With_Null_User_and_Password" time="1.71"/>
  <testcase classname="com.nexsoft.cicool.TestLoginFunctionality" name="testForgot_Password" time="1.391"/>
</testsuite> <!-- Default test -->
