<?xml version="1.0" encoding="UTF-8"?>
<!-- Generated by org.testng.reporters.JUnitXMLReporter -->
<testsuite ignored="0" hostname="Nexsoft" failures="0" tests="5" name="User Authentication" time="14.278" errors="0" timestamp="2022-06-15T22:09:45 WIB">
  <testcase classname="com.nexsoft.cicool.TestLoginFunctionality" name="testLogin_with_Valid_User_and_Password" time="2.708"/>
  <testcase classname="com.nexsoft.cicool.TestLoginFunctionality" name="testLogin_With_ValidUser_and_WrongPassword" time="2.263"/>
  <testcase classname="com.nexsoft.cicool.TestLoginFunctionality" name="testLogin_With_WrongValid_User_and_ValidPassword" time="1.664"/>
  <testcase classname="com.nexsoft.cicool.TestLoginFunctionality" name="testLogin_With_Null_User_and_Password" time="1.336"/>
  <testcase classname="com.nexsoft.cicool.TestLoginFunctionality" name="testForgot_Password" time="1.247"/>
</testsuite> <!-- User Authentication -->
